For ./Results/Entry-level Cover Letter Template
The localcompiled PDF do not compile successfully.

For ./Results/Entry-level Cover Letter Template
The webcompiled PDF do not compile successfully.

For ./Results/test1/test1_local.pdf and ./Results/test1/test1_web.pdf
The two PDFs are identical.

For ./Results/data-science-tech-cover-letter-template
The localcompiled PDF do not compile successfully.

For ./Results/data-science-tech-cover-letter-template
The webcompiled PDF do not compile successfully.

For ./Results/test4/test4_local.pdf and ./Results/test4/test4_web.pdf
The two PDFs are identical.

For ./Results/test3/test3_local.pdf and ./Results/test3/test3_web.pdf
The two PDFs are identical.

For ./Results/test2/test2_local.pdf and ./Results/test2/test2_web.pdf
The two PDFs are identical.

For ./Results/TU Eindhoven Beamer Template (Horizontal)
The localcompiled PDF do not compile successfully.

For ./Results/TU Eindhoven Beamer Template (Horizontal)
The webcompiled PDF do not compile successfully.

